The target system is: Generic - 1.13.99 - arm
The host system is: Linux - 4.15.0-20-generic - x86_64
Compiling the C compiler identification source file "CMakeCCompilerId.c" succeeded.
Compiler: /home/lucas/Zephyr/zephyr-sdk/sysroots/x86_64-pokysdk-linux/usr/bin/arm-zephyr-eabi/arm-zephyr-eabi-gcc 
Build flags: 
Id flags: -c 

The output was:
0


Compilation of the C compiler identification source "CMakeCCompilerId.c" produced "CMakeCCompilerId.o"

The C compiler identification is GNU, found in "/home/lucas/Projects/msg/build/CMakeFiles/3.13.3/CompilerIdC/CMakeCCompilerId.o"

Compiling the CXX compiler identification source file "CMakeCXXCompilerId.cpp" succeeded.
Compiler: /home/lucas/Zephyr/zephyr-sdk/sysroots/x86_64-pokysdk-linux/usr/bin/arm-zephyr-eabi/arm-zephyr-eabi-g++ 
Build flags: 
Id flags: -c 

The output was:
0


Compilation of the CXX compiler identification source "CMakeCXXCompilerId.cpp" produced "CMakeCXXCompilerId.o"

The CXX compiler identification is GNU, found in "/home/lucas/Projects/msg/build/CMakeFiles/3.13.3/CompilerIdCXX/CMakeCXXCompilerId.o"

Checking whether the ASM compiler is GNU using "--version" matched "(GNU assembler)|(GCC)|(Free Software Foundation)":
arm-zephyr-eabi-gcc (GCC) 6.2.0
Copyright (C) 2016 Free Software Foundation, Inc.
This is free software; see the source for copying conditions.  There is NO
warranty; not even for MERCHANTABILITY or FITNESS FOR A PARTICULAR PURPOSE.

Performing C SOURCE FILE Test toolchain_is_ok succeeded with the following output:
Change Dir: /home/lucas/Projects/msg/build/CMakeFiles/CMakeTmp

Run Build Command:"/usr/bin/make" "cmTC_4a4ec/fast"
/usr/bin/make -f CMakeFiles/cmTC_4a4ec.dir/build.make CMakeFiles/cmTC_4a4ec.dir/build
make[1]: Entering directory '/home/lucas/Projects/msg/build/CMakeFiles/CMakeTmp'
Building C object CMakeFiles/cmTC_4a4ec.dir/src.c.obj
/home/lucas/Zephyr/zephyr-sdk/sysroots/x86_64-pokysdk-linux/usr/bin/arm-zephyr-eabi/arm-zephyr-eabi-gcc   -Dtoolchain_is_ok -nostartfiles -nostdlib -isystem "/home/lucas/Zephyr/zephyr-sdk/sysroots/x86_64-pokysdk-linux/usr/lib/arm-zephyr-eabi/gcc/arm-zephyr-eabi/6.2.0/include" -isystem "/home/lucas/Zephyr/zephyr-sdk/sysroots/x86_64-pokysdk-linux/usr/lib/arm-zephyr-eabi/gcc/arm-zephyr-eabi/6.2.0/include-fixed" -Wl,--unresolved-symbols=ignore-in-object-files   -o CMakeFiles/cmTC_4a4ec.dir/src.c.obj   -c /home/lucas/Projects/msg/build/CMakeFiles/CMakeTmp/src.c
Linking C executable cmTC_4a4ec
/usr/local/bin/cmake -E cmake_link_script CMakeFiles/cmTC_4a4ec.dir/link.txt --verbose=1
/home/lucas/Zephyr/zephyr-sdk/sysroots/x86_64-pokysdk-linux/usr/bin/arm-zephyr-eabi/arm-zephyr-eabi-gcc  -Dtoolchain_is_ok -nostartfiles -nostdlib -isystem "/home/lucas/Zephyr/zephyr-sdk/sysroots/x86_64-pokysdk-linux/usr/lib/arm-zephyr-eabi/gcc/arm-zephyr-eabi/6.2.0/include" -isystem "/home/lucas/Zephyr/zephyr-sdk/sysroots/x86_64-pokysdk-linux/usr/lib/arm-zephyr-eabi/gcc/arm-zephyr-eabi/6.2.0/include-fixed" -Wl,--unresolved-symbols=ignore-in-object-files    CMakeFiles/cmTC_4a4ec.dir/src.c.obj  -o cmTC_4a4ec 
/home/lucas/Zephyr/zephyr-sdk/sysroots/x86_64-pokysdk-linux/usr/libexec/arm-zephyr-eabi/gcc/arm-zephyr-eabi/6.2.0/real-ld: warning: cannot find entry symbol _start; defaulting to 0000000000008024
make[1]: Leaving directory '/home/lucas/Projects/msg/build/CMakeFiles/CMakeTmp'

Source file was:
int main(void) { return 0; }
